<?xml version="1.0" encoding="UTF-8"?>
<testsuite xmlns:xsi="http://www.w3.org/2001/XMLSchema-instance" xsi:noNamespaceSchemaLocation="https://maven.apache.org/surefire/maven-surefire-plugin/xsd/surefire-test-report.xsd" name="com.palindromo.model.PalindromoTest" time="0.127" tests="2" errors="0" skipped="0" failures="0">
  <properties>
[...]
</properties>
  <testcase name="PalindromoTrue" classname="com.palindromo.model.PalindromoTest" time="0.089"/>
  <testcase name="PalindromoTrue1" classname="com.palindromo.model.PalindromoTest" time="0"/>
</testsuite>